Warning[205] C:\USERS\CARLOS ARTURO TASCON\DESKTOP\MICROCONTROLADORES\MICROCONTROLADORES\LABORATORIOS\LAB2\LABORATORIO_2.X\LABORATORIO_2.ASM 1 : Found directive in column 1. (include)
Warning[205] C:\USERS\CARLOS ARTURO TASCON\DESKTOP\MICROCONTROLADORES\MICROCONTROLADORES\LABORATORIOS\LAB2\LABORATORIO_2.X\LABORATORIO_2.ASM 3 : Found directive in column 1. (config)
Warning[205] C:\USERS\CARLOS ARTURO TASCON\DESKTOP\MICROCONTROLADORES\MICROCONTROLADORES\LABORATORIOS\LAB2\LABORATORIO_2.X\LABORATORIO_2.ASM 4 : Found directive in column 1. (CONFIG)
Warning[205] C:\USERS\CARLOS ARTURO TASCON\DESKTOP\MICROCONTROLADORES\MICROCONTROLADORES\LABORATORIOS\LAB2\LABORATORIO_2.X\LABORATORIO_2.ASM 5 : Found directive in column 1. (CONFIG)
Warning[203] C:\USERS\CARLOS ARTURO TASCON\DESKTOP\MICROCONTROLADORES\MICROCONTROLADORES\LABORATORIOS\LAB2\LABORATORIO_2.X\LABORATORIO_2.ASM 9 : Found opcode in column 1. (movlw)
Warning[203] C:\USERS\CARLOS ARTURO TASCON\DESKTOP\MICROCONTROLADORES\MICROCONTROLADORES\LABORATORIOS\LAB2\LABORATORIO_2.X\LABORATORIO_2.ASM 10 : Found opcode in column 1. (movwf)
Warning[203] C:\USERS\CARLOS ARTURO TASCON\DESKTOP\MICROCONTROLADORES\MICROCONTROLADORES\LABORATORIOS\LAB2\LABORATORIO_2.X\LABORATORIO_2.ASM 11 : Found opcode in column 1. (setf)
Warning[203] C:\USERS\CARLOS ARTURO TASCON\DESKTOP\MICROCONTROLADORES\MICROCONTROLADORES\LABORATORIOS\LAB2\LABORATORIO_2.X\LABORATORIO_2.ASM 16 : Found opcode in column 1. (movlw)
Warning[203] C:\USERS\CARLOS ARTURO TASCON\DESKTOP\MICROCONTROLADORES\MICROCONTROLADORES\LABORATORIOS\LAB2\LABORATORIO_2.X\LABORATORIO_2.ASM 17 : Found opcode in column 1. (movwf)
Warning[203] C:\USERS\CARLOS ARTURO TASCON\DESKTOP\MICROCONTROLADORES\MICROCONTROLADORES\LABORATORIOS\LAB2\LABORATORIO_2.X\LABORATORIO_2.ASM 19 : Found opcode in column 1. (movlw)
Warning[203] C:\USERS\CARLOS ARTURO TASCON\DESKTOP\MICROCONTROLADORES\MICROCONTROLADORES\LABORATORIOS\LAB2\LABORATORIO_2.X\LABORATORIO_2.ASM 20 : Found opcode in column 1. (movwf)
Warning[203] C:\USERS\CARLOS ARTURO TASCON\DESKTOP\MICROCONTROLADORES\MICROCONTROLADORES\LABORATORIOS\LAB2\LABORATORIO_2.X\LABORATORIO_2.ASM 22 : Found opcode in column 1. (movlw)
Warning[203] C:\USERS\CARLOS ARTURO TASCON\DESKTOP\MICROCONTROLADORES\MICROCONTROLADORES\LABORATORIOS\LAB2\LABORATORIO_2.X\LABORATORIO_2.ASM 23 : Found opcode in column 1. (movwf)
Warning[203] C:\USERS\CARLOS ARTURO TASCON\DESKTOP\MICROCONTROLADORES\MICROCONTROLADORES\LABORATORIOS\LAB2\LABORATORIO_2.X\LABORATORIO_2.ASM 25 : Found opcode in column 1. (movlw)
Warning[203] C:\USERS\CARLOS ARTURO TASCON\DESKTOP\MICROCONTROLADORES\MICROCONTROLADORES\LABORATORIOS\LAB2\LABORATORIO_2.X\LABORATORIO_2.ASM 26 : Found opcode in column 1. (movwf)
Warning[203] C:\USERS\CARLOS ARTURO TASCON\DESKTOP\MICROCONTROLADORES\MICROCONTROLADORES\LABORATORIOS\LAB2\LABORATORIO_2.X\LABORATORIO_2.ASM 28 : Found opcode in column 1. (movlw)
Warning[203] C:\USERS\CARLOS ARTURO TASCON\DESKTOP\MICROCONTROLADORES\MICROCONTROLADORES\LABORATORIOS\LAB2\LABORATORIO_2.X\LABORATORIO_2.ASM 29 : Found opcode in column 1. (movwf)
Warning[203] C:\USERS\CARLOS ARTURO TASCON\DESKTOP\MICROCONTROLADORES\MICROCONTROLADORES\LABORATORIOS\LAB2\LABORATORIO_2.X\LABORATORIO_2.ASM 31 : Found opcode in column 1. (movlw)
Warning[203] C:\USERS\CARLOS ARTURO TASCON\DESKTOP\MICROCONTROLADORES\MICROCONTROLADORES\LABORATORIOS\LAB2\LABORATORIO_2.X\LABORATORIO_2.ASM 32 : Found opcode in column 1. (movwf)
Warning[203] C:\USERS\CARLOS ARTURO TASCON\DESKTOP\MICROCONTROLADORES\MICROCONTROLADORES\LABORATORIOS\LAB2\LABORATORIO_2.X\LABORATORIO_2.ASM 34 : Found opcode in column 1. (movlw)
Warning[203] C:\USERS\CARLOS ARTURO TASCON\DESKTOP\MICROCONTROLADORES\MICROCONTROLADORES\LABORATORIOS\LAB2\LABORATORIO_2.X\LABORATORIO_2.ASM 35 : Found opcode in column 1. (movwf)
Warning[203] C:\USERS\CARLOS ARTURO TASCON\DESKTOP\MICROCONTROLADORES\MICROCONTROLADORES\LABORATORIOS\LAB2\LABORATORIO_2.X\LABORATORIO_2.ASM 37 : Found opcode in column 1. (movlw)
Warning[203] C:\USERS\CARLOS ARTURO TASCON\DESKTOP\MICROCONTROLADORES\MICROCONTROLADORES\LABORATORIOS\LAB2\LABORATORIO_2.X\LABORATORIO_2.ASM 38 : Found opcode in column 1. (movwf)
Warning[203] C:\USERS\CARLOS ARTURO TASCON\DESKTOP\MICROCONTROLADORES\MICROCONTROLADORES\LABORATORIOS\LAB2\LABORATORIO_2.X\LABORATORIO_2.ASM 40 : Found opcode in column 1. (goto)
Warning[205] C:\USERS\CARLOS ARTURO TASCON\DESKTOP\MICROCONTROLADORES\MICROCONTROLADORES\LABORATORIOS\LAB2\LABORATORIO_2.X\LABORATORIO_2.ASM 42 : Found directive in column 1. (end)
