

Microchip MPLAB XC8 Assembler V2.50 build 20240725155939 
                                                                                               Thu Jun 05 11:50:14 2025

Microchip MPLAB XC8 C Compiler v2.50 (Free license) build 20240725155939 Og9 
     1                           	processor	18F4550
     2                           	fnconf	rparam,??,?,0
     3                           	pagewidth 120
     4                           	opt	flic
     5                           	psect	cinit,global,reloc=2,class=CODE,space=0,delta=1
     6                           	psect	cstackCOMRAM,global,class=COMRAM,space=1,delta=1,lowdata,noexec
     7                           	psect	text0,global,reloc=2,class=CODE,space=0,delta=1
     8                           	psect	smallconst,global,reloc=2,class=SMALLCONST,space=0,delta=1,noexec
     9                           	psect	intsave_regs,global,class=BIGRAM,space=1,delta=1,noexec
    10                           	psect	rparam,global,class=COMRAM,space=1,delta=1,noexec
    11                           	psect	idloc,global,abs,ovrld,class=IDLOC,space=5,delta=1,noexec
    12                           	psect	config,global,abs,ovrld,class=CONFIG,space=4,delta=1,noexec
    13   000000                     
    14                           ; Generated 25/07/2024 GMT
    15                           ; 
    16                           ; Copyright © 2024, Microchip Technology Inc. and its subsidiaries ("Microchip")
    17                           ; All rights reserved.
    18                           ; 
    19                           ; This software is developed by Microchip Technology Inc. and its subsidiaries ("Microch
      +                          ip").
    20                           ; 
    21                           ; Redistribution and use in source and binary forms, with or without modification, are
    22                           ; permitted provided that the following conditions are met:
    23                           ; 
    24                           ;     1. Redistributions of source code must retain the above copyright notice, this lis
      +                          t of
    25                           ;        conditions and the following disclaimer.
    26                           ; 
    27                           ;     2. Redistributions in binary form must reproduce the above copyright notice, this 
      +                          list
    28                           ;        of conditions and the following disclaimer in the documentation and/or other
    29                           ;        materials provided with the distribution. Publication is not required when
    30                           ;        this file is used in an embedded application.
    31                           ; 
    32                           ;     3. Microchip's name may not be used to endorse or promote products derived from th
      +                          is
    33                           ;        software without specific prior written permission.
    34                           ; 
    35                           ; THIS SOFTWARE IS PROVIDED BY MICROCHIP "AS IS" AND ANY EXPRESS OR IMPLIED WARRANTIES,
    36                           ; INCLUDING, BUT NOT LIMITED TO, THE IMPLIED WARRANTIES OF MERCHANTABILITY AND FITNESS F
      +                          OR
    37                           ; PURPOSE ARE DISCLAIMED.  IN NO EVENT SHALL MICROCHIP BE LIABLE FOR ANY DIRECT, INDIREC
      +                          T,
    38                           ; INCIDENTAL, SPECIAL, EXEMPLARY, OR CONSEQUENTIAL DAMAGES (INCLUDING BUT NOT LIMITED TO
    39                           ; PROCUREMENT OF SUBSTITUTE GOODS OR SERVICES; LOSS OF USE, DATA OR PROFITS; OR BUSINESS
    40                           ; INTERRUPTION) HOWSOEVER CAUSED AND ON ANY THEORY OF LIABILITY, WHETHER IN CONTRACT, ST
      +                          RICT
    41                           ; LIABILITY, OR TORT (INCLUDING NEGLIGENCE OR OTHERWISE) ARISING IN ANY WAY OUT OF THE U
      +                          SE OF
    42                           ; THIS SOFTWARE, EVEN IF ADVISED OF THE POSSIBILITY OF SUCH DAMAGE.
    43                           ; 
    44                           ; 
    45                           ; Code-generator required, PIC18F4550 Definitions
    46                           ; 
    47                           ; SFR Addresses
    48   000FE0                     bsr             equ	4064
    49   000FE9                     fsr0            equ	4073
    50   000FEA                     fsr0h           equ	4074
    51   000FE9                     fsr0l           equ	4073
    52   000FE1                     fsr1            equ	4065
    53   000FE2                     fsr1h           equ	4066
    54   000FE1                     fsr1l           equ	4065
    55   000FD9                     fsr2            equ	4057
    56   000FDA                     fsr2h           equ	4058
    57   000FD9                     fsr2l           equ	4057
    58   000FEF                     indf0           equ	4079
    59   000FE7                     indf1           equ	4071
    60   000FDF                     indf2           equ	4063
    61   000FF2                     intcon          equ	4082
    62   000000                     nvmcon          equ	0
    63   000FF9                     pcl             equ	4089
    64   000FFA                     pclath          equ	4090
    65   000FFB                     pclatu          equ	4091
    66   000FEB                     plusw0          equ	4075
    67   000FE3                     plusw1          equ	4067
    68   000FDB                     plusw2          equ	4059
    69   000FED                     postdec0        equ	4077
    70   000FE5                     postdec1        equ	4069
    71   000FDD                     postdec2        equ	4061
    72   000FEE                     postinc0        equ	4078
    73   000FE6                     postinc1        equ	4070
    74   000FDE                     postinc2        equ	4062
    75   000FEC                     preinc0         equ	4076
    76   000FE4                     preinc1         equ	4068
    77   000FDC                     preinc2         equ	4060
    78   000FF3                     prod            equ	4083
    79   000FF4                     prodh           equ	4084
    80   000FF3                     prodl           equ	4083
    81   000FD8                     status          equ	4056
    82   000FF5                     tablat          equ	4085
    83   000FF6                     tblptr          equ	4086
    84   000FF7                     tblptrh         equ	4087
    85   000FF6                     tblptrl         equ	4086
    86   000FF8                     tblptru         equ	4088
    87   000FFD                     tosl            equ	4093
    88   000FE8                     wreg            equ	4072
    89   000F62                     SPPDATA         equ	3938	;# 
    90   000F63                     SPPCFG          equ	3939	;# 
    91   000F64                     SPPEPS          equ	3940	;# 
    92   000F65                     SPPCON          equ	3941	;# 
    93   000F66                     UFRM            equ	3942	;# 
    94   000F66                     UFRML           equ	3942	;# 
    95   000F67                     UFRMH           equ	3943	;# 
    96   000F68                     UIR             equ	3944	;# 
    97   000F69                     UIE             equ	3945	;# 
    98   000F6A                     UEIR            equ	3946	;# 
    99   000F6B                     UEIE            equ	3947	;# 
   100   000F6C                     USTAT           equ	3948	;# 
   101   000F6D                     UCON            equ	3949	;# 
   102   000F6E                     UADDR           equ	3950	;# 
   103   000F6F                     UCFG            equ	3951	;# 
   104   000F70                     UEP0            equ	3952	;# 
   105   000F71                     UEP1            equ	3953	;# 
   106   000F72                     UEP2            equ	3954	;# 
   107   000F73                     UEP3            equ	3955	;# 
   108   000F74                     UEP4            equ	3956	;# 
   109   000F75                     UEP5            equ	3957	;# 
   110   000F76                     UEP6            equ	3958	;# 
   111   000F77                     UEP7            equ	3959	;# 
   112   000F78                     UEP8            equ	3960	;# 
   113   000F79                     UEP9            equ	3961	;# 
   114   000F7A                     UEP10           equ	3962	;# 
   115   000F7B                     UEP11           equ	3963	;# 
   116   000F7C                     UEP12           equ	3964	;# 
   117   000F7D                     UEP13           equ	3965	;# 
   118   000F7E                     UEP14           equ	3966	;# 
   119   000F7F                     UEP15           equ	3967	;# 
   120   000F80                     PORTA           equ	3968	;# 
   121   000F81                     PORTB           equ	3969	;# 
   122   000F82                     PORTC           equ	3970	;# 
   123   000F83                     PORTD           equ	3971	;# 
   124   000F84                     PORTE           equ	3972	;# 
   125   000F89                     LATA            equ	3977	;# 
   126   000F8A                     LATB            equ	3978	;# 
   127   000F8B                     LATC            equ	3979	;# 
   128   000F8C                     LATD            equ	3980	;# 
   129   000F8D                     LATE            equ	3981	;# 
   130   000F92                     TRISA           equ	3986	;# 
   131   000F92                     DDRA            equ	3986	;# 
   132   000F93                     TRISB           equ	3987	;# 
   133   000F93                     DDRB            equ	3987	;# 
   134   000F94                     TRISC           equ	3988	;# 
   135   000F94                     DDRC            equ	3988	;# 
   136   000F95                     TRISD           equ	3989	;# 
   137   000F95                     DDRD            equ	3989	;# 
   138   000F96                     TRISE           equ	3990	;# 
   139   000F96                     DDRE            equ	3990	;# 
   140   000F9B                     OSCTUNE         equ	3995	;# 
   141   000F9D                     PIE1            equ	3997	;# 
   142   000F9E                     PIR1            equ	3998	;# 
   143   000F9F                     IPR1            equ	3999	;# 
   144   000FA0                     PIE2            equ	4000	;# 
   145   000FA1                     PIR2            equ	4001	;# 
   146   000FA2                     IPR2            equ	4002	;# 
   147   000FA6                     EECON1          equ	4006	;# 
   148   000FA7                     EECON2          equ	4007	;# 
   149   000FA8                     EEDATA          equ	4008	;# 
   150   000FA9                     EEADR           equ	4009	;# 
   151   000FAB                     RCSTA           equ	4011	;# 
   152   000FAB                     RCSTA1          equ	4011	;# 
   153   000FAC                     TXSTA           equ	4012	;# 
   154   000FAC                     TXSTA1          equ	4012	;# 
   155   000FAD                     TXREG           equ	4013	;# 
   156   000FAD                     TXREG1          equ	4013	;# 
   157   000FAE                     RCREG           equ	4014	;# 
   158   000FAE                     RCREG1          equ	4014	;# 
   159   000FAF                     SPBRG           equ	4015	;# 
   160   000FAF                     SPBRG1          equ	4015	;# 
   161   000FB0                     SPBRGH          equ	4016	;# 
   162   000FB1                     T3CON           equ	4017	;# 
   163   000FB2                     TMR3            equ	4018	;# 
   164   000FB2                     TMR3L           equ	4018	;# 
   165   000FB3                     TMR3H           equ	4019	;# 
   166   000FB4                     CMCON           equ	4020	;# 
   167   000FB5                     CVRCON          equ	4021	;# 
   168   000FB6                     ECCP1AS         equ	4022	;# 
   169   000FB6                     CCP1AS          equ	4022	;# 
   170   000FB7                     ECCP1DEL        equ	4023	;# 
   171   000FB7                     CCP1DEL         equ	4023	;# 
   172   000FB8                     BAUDCON         equ	4024	;# 
   173   000FB8                     BAUDCTL         equ	4024	;# 
   174   000FBA                     CCP2CON         equ	4026	;# 
   175   000FBB                     CCPR2           equ	4027	;# 
   176   000FBB                     CCPR2L          equ	4027	;# 
   177   000FBC                     CCPR2H          equ	4028	;# 
   178   000FBD                     CCP1CON         equ	4029	;# 
   179   000FBD                     ECCP1CON        equ	4029	;# 
   180   000FBE                     CCPR1           equ	4030	;# 
   181   000FBE                     CCPR1L          equ	4030	;# 
   182   000FBF                     CCPR1H          equ	4031	;# 
   183   000FC0                     ADCON2          equ	4032	;# 
   184   000FC1                     ADCON1          equ	4033	;# 
   185   000FC2                     ADCON0          equ	4034	;# 
   186   000FC3                     ADRES           equ	4035	;# 
   187   000FC3                     ADRESL          equ	4035	;# 
   188   000FC4                     ADRESH          equ	4036	;# 
   189   000FC5                     SSPCON2         equ	4037	;# 
   190   000FC6                     SSPCON1         equ	4038	;# 
   191   000FC7                     SSPSTAT         equ	4039	;# 
   192   000FC8                     SSPADD          equ	4040	;# 
   193   000FC9                     SSPBUF          equ	4041	;# 
   194   000FCA                     T2CON           equ	4042	;# 
   195   000FCB                     PR2             equ	4043	;# 
   196   000FCB                     MEMCON          equ	4043	;# 
   197   000FCC                     TMR2            equ	4044	;# 
   198   000FCD                     T1CON           equ	4045	;# 
   199   000FCE                     TMR1            equ	4046	;# 
   200   000FCE                     TMR1L           equ	4046	;# 
   201   000FCF                     TMR1H           equ	4047	;# 
   202   000FD0                     RCON            equ	4048	;# 
   203   000FD1                     WDTCON          equ	4049	;# 
   204   000FD2                     HLVDCON         equ	4050	;# 
   205   000FD2                     LVDCON          equ	4050	;# 
   206   000FD3                     OSCCON          equ	4051	;# 
   207   000FD5                     T0CON           equ	4053	;# 
   208   000FD6                     TMR0            equ	4054	;# 
   209   000FD6                     TMR0L           equ	4054	;# 
   210   000FD7                     TMR0H           equ	4055	;# 
   211   000FD8                     STATUS          equ	4056	;# 
   212   000FD9                     FSR2            equ	4057	;# 
   213   000FD9                     FSR2L           equ	4057	;# 
   214   000FDA                     FSR2H           equ	4058	;# 
   215   000FDB                     PLUSW2          equ	4059	;# 
   216   000FDC                     PREINC2         equ	4060	;# 
   217   000FDD                     POSTDEC2        equ	4061	;# 
   218   000FDE                     POSTINC2        equ	4062	;# 
   219   000FDF                     INDF2           equ	4063	;# 
   220   000FE0                     BSR             equ	4064	;# 
   221   000FE1                     FSR1            equ	4065	;# 
   222   000FE1                     FSR1L           equ	4065	;# 
   223   000FE2                     FSR1H           equ	4066	;# 
   224   000FE3                     PLUSW1          equ	4067	;# 
   225   000FE4                     PREINC1         equ	4068	;# 
   226   000FE5                     POSTDEC1        equ	4069	;# 
   227   000FE6                     POSTINC1        equ	4070	;# 
   228   000FE7                     INDF1           equ	4071	;# 
   229   000FE8                     WREG            equ	4072	;# 
   230   000FE9                     FSR0            equ	4073	;# 
   231   000FE9                     FSR0L           equ	4073	;# 
   232   000FEA                     FSR0H           equ	4074	;# 
   233   000FEB                     PLUSW0          equ	4075	;# 
   234   000FEC                     PREINC0         equ	4076	;# 
   235   000FED                     POSTDEC0        equ	4077	;# 
   236   000FEE                     POSTINC0        equ	4078	;# 
   237   000FEF                     INDF0           equ	4079	;# 
   238   000FF0                     INTCON3         equ	4080	;# 
   239   000FF1                     INTCON2         equ	4081	;# 
   240   000FF2                     INTCON          equ	4082	;# 
   241   000FF3                     PROD            equ	4083	;# 
   242   000FF3                     PRODL           equ	4083	;# 
   243   000FF4                     PRODH           equ	4084	;# 
   244   000FF5                     TABLAT          equ	4085	;# 
   245   000FF6                     TBLPTR          equ	4086	;# 
   246   000FF6                     TBLPTRL         equ	4086	;# 
   247   000FF7                     TBLPTRH         equ	4087	;# 
   248   000FF8                     TBLPTRU         equ	4088	;# 
   249   000FF9                     PCLAT           equ	4089	;# 
   250   000FF9                     PC              equ	4089	;# 
   251   000FF9                     PCL             equ	4089	;# 
   252   000FFA                     PCLATH          equ	4090	;# 
   253   000FFB                     PCLATU          equ	4091	;# 
   254   000FFC                     STKPTR          equ	4092	;# 
   255   000FFD                     TOS             equ	4093	;# 
   256   000FFD                     TOSL            equ	4093	;# 
   257   000FFE                     TOSH            equ	4094	;# 
   258   000FFF                     TOSU            equ	4095	;# 
   259   007C60                     _LATD0          set	31840
   260   007CA8                     _TRISD0         set	31912
   261   000F8C                     _LATD           set	3980
   262                           
   263                           ; #config settings
   264                           
   265                           	psect	cinit
   266   000822                     __pcinit:
   267                           	callstack 0
   268   000822                     start_initialization:
   269                           	callstack 0
   270   000822                     __initialization:
   271                           	callstack 0
   272   000822                     end_of_initialization:
   273                           	callstack 0
   274   000822                     __end_of__initialization:
   275                           	callstack 0
   276   000822  0100               	movlb	0
   277   000824  EF01  F004         	goto	_main	;jump to C main() function
   278                           
   279                           	psect	cstackCOMRAM
   280   000001                     __pcstackCOMRAM:
   281                           	callstack 0
   282   000001                     ??_main:
   283                           
   284                           ; 1 bytes @ 0x0
   285   000001                     	ds	2
   286                           
   287 ;;
   288 ;;Main: autosize = 0, tempsize = 2, incstack = 0, save=0
   289 ;;
   290 ;; *************** function _main *****************
   291 ;; Defined at:
   292 ;;		line 23 in file "Clase5.c"
   293 ;; Parameters:    Size  Location     Type
   294 ;;		None
   295 ;; Auto vars:     Size  Location     Type
   296 ;;		None
   297 ;; Return value:  Size  Location     Type
   298 ;;                  1    wreg      void 
   299 ;; Registers used:
   300 ;;		wreg
   301 ;; Tracked objects:
   302 ;;		On entry : 0/0
   303 ;;		On exit  : 0/0
   304 ;;		Unchanged: 0/0
   305 ;; Data sizes:     COMRAM   BANK0   BANK1   BANK2   BANK3   BANK4   BANK5   BANK6   BANK7
   306 ;;      Params:         0       0       0       0       0       0       0       0       0
   307 ;;      Locals:         0       0       0       0       0       0       0       0       0
   308 ;;      Temps:          2       0       0       0       0       0       0       0       0
   309 ;;      Totals:         2       0       0       0       0       0       0       0       0
   310 ;;Total ram usage:        2 bytes
   311 ;; This function calls:
   312 ;;		Nothing
   313 ;; This function is called by:
   314 ;;		Startup code after reset
   315 ;; This function uses a non-reentrant model
   316 ;;
   317                           
   318                           	psect	text0
   319   000802                     __ptext0:
   320                           	callstack 0
   321   000802                     _main:
   322                           	callstack 31
   323                           
   324                           ;Clase5.c: 24: TRISD0 = 0;
   325                           
   326                           ;incstack = 0
   327   000802  9095               	bcf	3989,0,c	;volatile
   328                           
   329                           ;Clase5.c: 26: LATD = 0;
   330   000804  6A8C               	clrf	140,c	;volatile
   331   000806                     l13:
   332                           
   333                           ;Clase5.c: 28: LATD0 = 1;
   334   000806  808C               	bsf	3980,0,c	;volatile
   335                           
   336                           ;Clase5.c: 29: _delay((unsigned long)((1000)*(1000000/4000.0)));
   337   000808  0E02               	movlw	2
   338   00080A  6E02               	movwf	(??_main+1)^0,c
   339   00080C  0E45               	movlw	69
   340   00080E  6E01               	movwf	??_main^0,c
   341   000810  0EAA               	movlw	170
   342   000812                     u17:
   343   000812  2EE8               	decfsz	wreg,f,c
   344   000814  D7FE               	bra	u17
   345   000816  2E01               	decfsz	??_main^0,f,c
   346   000818  D7FC               	bra	u17
   347   00081A  2E02               	decfsz	(??_main+1)^0,f,c
   348   00081C  D7FA               	bra	u17
   349                           
   350                           ;Clase5.c: 30: LATD0 = 0;
   351   00081E  908C               	bcf	3980,0,c	;volatile
   352   000820  D7F2               	goto	l13
   353   000822                     __end_of_main:
   354                           	callstack 0
   355                           
   356                           	psect	smallconst
   357   000800                     __psmallconst:
   358                           	callstack 0
   359   000800  00                 	db	0
   360   000801  00                 	db	0	; dummy byte at the end
   361   000000                     __activetblptr  equ	0
   362                           
   363                           	psect	rparam
   364   000001                     ___rparam_used  equ	1
   365   000000                     ___param_bank   equ	0
   366   000000                     __Lparam        equ	__Lrparam
   367   000000                     __Hparam        equ	__Hrparam
   368                           
   369                           	psect	idloc
   370                           
   371                           ;Config register IDLOC0 @ 0x200000
   372                           ;	unspecified, using default values
   373   200000                     	org	2097152
   374   200000  FF                 	db	255
   375                           
   376                           ;Config register IDLOC1 @ 0x200001
   377                           ;	unspecified, using default values
   378   200001                     	org	2097153
   379   200001  FF                 	db	255
   380                           
   381                           ;Config register IDLOC2 @ 0x200002
   382                           ;	unspecified, using default values
   383   200002                     	org	2097154
   384   200002  FF                 	db	255
   385                           
   386                           ;Config register IDLOC3 @ 0x200003
   387                           ;	unspecified, using default values
   388   200003                     	org	2097155
   389   200003  FF                 	db	255
   390                           
   391                           ;Config register IDLOC4 @ 0x200004
   392                           ;	unspecified, using default values
   393   200004                     	org	2097156
   394   200004  FF                 	db	255
   395                           
   396                           ;Config register IDLOC5 @ 0x200005
   397                           ;	unspecified, using default values
   398   200005                     	org	2097157
   399   200005  FF                 	db	255
   400                           
   401                           ;Config register IDLOC6 @ 0x200006
   402                           ;	unspecified, using default values
   403   200006                     	org	2097158
   404   200006  FF                 	db	255
   405                           
   406                           ;Config register IDLOC7 @ 0x200007
   407                           ;	unspecified, using default values
   408   200007                     	org	2097159
   409   200007  FF                 	db	255
   410                           
   411                           	psect	config
   412                           
   413                           ;Config register CONFIG1L @ 0x300000
   414                           ;	unspecified, using default values
   415                           ;	PLL Prescaler Selection bits
   416                           ;	PLLDIV = 0x0, unprogrammed default
   417                           ;	System Clock Postscaler Selection bits
   418                           ;	CPUDIV = 0x0, unprogrammed default
   419                           ;	USB Clock Selection bit (used in Full-Speed USB mode only; UCFG:FSEN = 1)
   420                           ;	USBDIV = 0x0, unprogrammed default
   421   300000                     	org	3145728
   422   300000  00                 	db	0
   423                           
   424                           ;Config register CONFIG1H @ 0x300001
   425                           ;	Oscillator Selection bits
   426                           ;	FOSC = INTOSC_EC, Internal oscillator, CLKO function on RA6, EC used by USB (INTCKO)
   427                           ;	Fail-Safe Clock Monitor Enable bit
   428                           ;	FCMEN = 0x0, unprogrammed default
   429                           ;	Internal/External Oscillator Switchover bit
   430                           ;	IESO = 0x0, unprogrammed default
   431   300001                     	org	3145729
   432   300001  09                 	db	9
   433                           
   434                           ;Config register CONFIG2L @ 0x300002
   435                           ;	unspecified, using default values
   436                           ;	Power-up Timer Enable bit
   437                           ;	PWRT = 0x1, unprogrammed default
   438                           ;	Brown-out Reset Enable bits
   439                           ;	BOR = 0x3, unprogrammed default
   440                           ;	Brown-out Reset Voltage bits
   441                           ;	BORV = 0x3, unprogrammed default
   442                           ;	USB Voltage Regulator Enable bit
   443                           ;	VREGEN = 0x0, unprogrammed default
   444   300002                     	org	3145730
   445   300002  1F                 	db	31
   446                           
   447                           ;Config register CONFIG2H @ 0x300003
   448                           ;	Watchdog Timer Enable bit
   449                           ;	WDT = OFF, WDT disabled (control is placed on the SWDTEN bit)
   450                           ;	Watchdog Timer Postscale Select bits
   451                           ;	WDTPS = 0xF, unprogrammed default
   452   300003                     	org	3145731
   453   300003  1E                 	db	30
   454                           
   455                           ; Padding undefined space
   456   300004                     	org	3145732
   457   300004  FF                 	db	255
   458                           
   459                           ;Config register CONFIG3H @ 0x300005
   460                           ;	unspecified, using default values
   461                           ;	CCP2 MUX bit
   462                           ;	CCP2MX = 0x1, unprogrammed default
   463                           ;	PORTB A/D Enable bit
   464                           ;	PBADEN = 0x1, unprogrammed default
   465                           ;	Low-Power Timer 1 Oscillator Enable bit
   466                           ;	LPT1OSC = 0x0, unprogrammed default
   467                           ;	MCLR Pin Enable bit
   468                           ;	MCLRE = 0x1, unprogrammed default
   469   300005                     	org	3145733
   470   300005  83                 	db	131
   471                           
   472                           ;Config register CONFIG4L @ 0x300006
   473                           ;	unspecified, using default values
   474                           ;	Stack Full/Underflow Reset Enable bit
   475                           ;	STVREN = 0x1, unprogrammed default
   476                           ;	Single-Supply ICSP Enable bit
   477                           ;	LVP = 0x1, unprogrammed default
   478                           ;	Dedicated In-Circuit Debug/Programming Port (ICPORT) Enable bit
   479                           ;	ICPRT = 0x0, unprogrammed default
   480                           ;	Extended Instruction Set Enable bit
   481                           ;	XINST = 0x0, unprogrammed default
   482                           ;	Background Debugger Enable bit
   483                           ;	DEBUG = 0x1, unprogrammed default
   484   300006                     	org	3145734
   485   300006  85                 	db	133
   486                           
   487                           ; Padding undefined space
   488   300007                     	org	3145735
   489   300007  FF                 	db	255
   490                           
   491                           ;Config register CONFIG5L @ 0x300008
   492                           ;	unspecified, using default values
   493                           ;	Code Protection bit
   494                           ;	CP0 = 0x1, unprogrammed default
   495                           ;	Code Protection bit
   496                           ;	CP1 = 0x1, unprogrammed default
   497                           ;	Code Protection bit
   498                           ;	CP2 = 0x1, unprogrammed default
   499                           ;	Code Protection bit
   500                           ;	CP3 = 0x1, unprogrammed default
   501   300008                     	org	3145736
   502   300008  0F                 	db	15
   503                           
   504                           ;Config register CONFIG5H @ 0x300009
   505                           ;	unspecified, using default values
   506                           ;	Boot Block Code Protection bit
   507                           ;	CPB = 0x1, unprogrammed default
   508                           ;	Data EEPROM Code Protection bit
   509                           ;	CPD = 0x1, unprogrammed default
   510   300009                     	org	3145737
   511   300009  C0                 	db	192
   512                           
   513                           ;Config register CONFIG6L @ 0x30000A
   514                           ;	unspecified, using default values
   515                           ;	Write Protection bit
   516                           ;	WRT0 = 0x1, unprogrammed default
   517                           ;	Write Protection bit
   518                           ;	WRT1 = 0x1, unprogrammed default
   519                           ;	Write Protection bit
   520                           ;	WRT2 = 0x1, unprogrammed default
   521                           ;	Write Protection bit
   522                           ;	WRT3 = 0x1, unprogrammed default
   523   30000A                     	org	3145738
   524   30000A  0F                 	db	15
   525                           
   526                           ;Config register CONFIG6H @ 0x30000B
   527                           ;	unspecified, using default values
   528                           ;	Configuration Register Write Protection bit
   529                           ;	WRTC = 0x1, unprogrammed default
   530                           ;	Boot Block Write Protection bit
   531                           ;	WRTB = 0x1, unprogrammed default
   532                           ;	Data EEPROM Write Protection bit
   533                           ;	WRTD = 0x1, unprogrammed default
   534   30000B                     	org	3145739
   535   30000B  E0                 	db	224
   536                           
   537                           ;Config register CONFIG7L @ 0x30000C
   538                           ;	unspecified, using default values
   539                           ;	Table Read Protection bit
   540                           ;	EBTR0 = 0x1, unprogrammed default
   541                           ;	Table Read Protection bit
   542                           ;	EBTR1 = 0x1, unprogrammed default
   543                           ;	Table Read Protection bit
   544                           ;	EBTR2 = 0x1, unprogrammed default
   545                           ;	Table Read Protection bit
   546                           ;	EBTR3 = 0x1, unprogrammed default
   547   30000C                     	org	3145740
   548   30000C  0F                 	db	15
   549                           
   550                           ;Config register CONFIG7H @ 0x30000D
   551                           ;	unspecified, using default values
   552                           ;	Boot Block Table Read Protection bit
   553                           ;	EBTRB = 0x1, unprogrammed default
   554   30000D                     	org	3145741
   555   30000D  40                 	db	64
   556                           tosu	equ	0xFFF
   557                           tosh	equ	0xFFE
   558                           tosl	equ	0xFFD
   559                           stkptr	equ	0xFFC
   560                           pclatu	equ	0xFFB
   561                           pclath	equ	0xFFA
   562                           pcl	equ	0xFF9
   563                           tblptru	equ	0xFF8
   564                           tblptrh	equ	0xFF7
   565                           tblptrl	equ	0xFF6
   566                           tablat	equ	0xFF5
   567                           prodh	equ	0xFF4
   568                           prodl	equ	0xFF3
   569                           indf0	equ	0xFEF
   570                           postinc0	equ	0xFEE
   571                           postdec0	equ	0xFED
   572                           preinc0	equ	0xFEC
   573                           plusw0	equ	0xFEB
   574                           fsr0h	equ	0xFEA
   575                           fsr0l	equ	0xFE9
   576                           wreg	equ	0xFE8
   577                           indf1	equ	0xFE7
   578                           postinc1	equ	0xFE6
   579                           postdec1	equ	0xFE5
   580                           preinc1	equ	0xFE4
   581                           plusw1	equ	0xFE3
   582                           fsr1h	equ	0xFE2
   583                           fsr1l	equ	0xFE1
   584                           bsr	equ	0xFE0
   585                           indf2	equ	0xFDF
   586                           postinc2	equ	0xFDE
   587                           postdec2	equ	0xFDD
   588                           preinc2	equ	0xFDC
   589                           plusw2	equ	0xFDB
   590                           fsr2h	equ	0xFDA
   591                           fsr2l	equ	0xFD9
   592                           status	equ	0xFD8

Data Sizes:
    Strings     0
    Constant    0
    Data        0
    BSS         0
    Persistent  0
    Stack       0

Auto Spaces:
    Space          Size  Autos    Used
    COMRAM           95      2       2
    BANK0           160      0       0
    BANK1           256      0       0
    BANK2           256      0       0
    BANK3           256      0       0
    BANK4           256      0       0
    BANK5           256      0       0
    BANK6           256      0       0
    BANK7           256      0       0

Pointer List with Targets:

    None.

Critical Paths under _main in COMRAM

    None.

Critical Paths under _main in BANK0

    None.

Critical Paths under _main in BANK1

    None.

Critical Paths under _main in BANK2

    None.

Critical Paths under _main in BANK3

    None.

Critical Paths under _main in BANK4

    None.

Critical Paths under _main in BANK5

    None.

Critical Paths under _main in BANK6

    None.

Critical Paths under _main in BANK7

    None.

Call Graph Tables:

 ---------------------------------------------------------------------------------
 (Depth) Function   	        Calls       Base Space   Used Autos Params    Refs
 ---------------------------------------------------------------------------------
 (0) _main                                                 2     2      0       0
                                              0 COMRAM     2     2      0
 ---------------------------------------------------------------------------------
 Estimated maximum stack depth 0
 ---------------------------------------------------------------------------------

 Call Graph Graphs:

 _main (ROOT)

Address spaces:
Name               Size   Autos  Total    Usage
BITCOMRAM           95      0       0      0.0%
BITBANK0           160      0       0      0.0%
BITBANK1           256      0       0      0.0%
BITBANK2           256      0       0      0.0%
BITBANK3           256      0       0      0.0%
BITBANK4           256      0       0      0.0%
BITBANK5           256      0       0      0.0%
BITBANK6           256      0       0      0.0%
BITBANK7           256      0       0      0.0%
BITBIGSFRh         106      0       0      0.0%
BITBIGSFRll         44      0       0      0.0%
BITBIGSFRlh          8      0       0      0.0%
COMRAM              95      2       2      2.1%
BANK0              160      0       0      0.0%
BANK1              256      0       0      0.0%
BANK2              256      0       0      0.0%
BANK3              256      0       0      0.0%
BANK4              256      0       0      0.0%
BANK5              256      0       0      0.0%
BANK6              256      0       0      0.0%
BANK7              256      0       0      0.0%
BIGRAM            2047      0       0      0.0%
STACK                0      0       0      0.0%
DATA                 0      0       2      0.0%


Microchip Technology PIC18 Macro Assembler V2.50 build 20240725155939 
Symbol Table                                                                                   Thu Jun 05 11:50:14 2025

                     l13 0806                       u17 0812                      wreg 0FE8  
                   _LATD 0F8C                     _main 0802                     start 0000  
           ___param_bank 0000                    ?_main 0001                    _LATD0 7C60  
        __initialization 0822             __end_of_main 0822                   ??_main 0001  
          __activetblptr 0000                   _TRISD0 7CA8                   isa$std 0001  
           __mediumconst 0000               __accesstop 0060  __end_of__initialization 0822  
          ___rparam_used 0001           __pcstackCOMRAM 0001                  __Hparam 0000  
                __Lparam 0000             __psmallconst 0800                  __pcinit 0822  
                __ramtop 0800                  __ptext0 0802     end_of_initialization 0822  
    start_initialization 0822              __smallconst 0800                 __Hrparam 0000  
               __Lrparam 0000                 isa$xinst 0000  
